C51 COMPILER V9.00   KEY                                                                   03/13/2019 13:29:37 PAGE 1   


C51 COMPILER V9.00, COMPILATION OF MODULE KEY
OBJECT MODULE PLACED IN key.OBJ
COMPILER INVOKED BY: C:\Keil\C51\BIN\C51.EXE key.c BROWSE INCDIR(..\Project_1) DEBUG OBJECTEXTEND

line level    source

   1          #include "C8051F020.h"
   2          //#include "DataType.h"
   3          //#include "math.h"
   4          //#include "string.h"
   5          //#include "stdio.h"
   6          //#include "Device.h"
   7          
   8          /*
   9          void KeyPort_Init ()
  10          {
  11             P74OUT |= BIT0 ; //P4.0-P4.3设置为推挽输出
  12             P74OUT &= ~BIT1; //P4.4-P4.7设置成漏极开路输出
  13                  P4 |= BIT4 + BIT5 + BIT6 +BIT7; //置1漏极开路引脚的数据寄存器，使其为数字输入模式
  14          }
  15          */
  16          
  17          /*********************************************************************************************************
             -*
  18          PA1=P4.0  PA2=P4.1 PA3=P4.2 PB1=P4.4 PB2=P4.5 PB3=P4.6
  19          * 函数名称：KeyScan
  20          * 函数功能：按键扫描，返回0表示无键按下，1-16是正常返回
  21          **********************************************************************************************************
             -/
  22          unsigned char KeyScan(void)
  23          {
  24   1        unsigned long i;
  25   1      
  26   1        P4=(P4&0x80)|(P4&0x08)|0x70;
  27   1        if(0x70 == (P4 & 0x70)) // 没有按键，返回0
  28   1        {
  29   2          return 0;
  30   2        }
  31   1       
  32   1        for(i = 0;i < 12000;i ++);  // 有键按下，延时先 可修改
  33   1        
  34   1       // 扫描KEY1 - KEY3
  35   1        P4=(P4&0x80)|(P4&0x08)|0x76;
  36   1        if(0x70 != (P4 & 0x70))
  37   1        {
  38   2          switch((P4 & 0x70))
  39   2          {
  40   3          case 0x60:
  41   3            return 1;
  42   3          case 0x50:
  43   3            return 2;
  44   3          case 0x30:
  45   3            return 3;      
  46   3        
  47   3          default:
  48   3            return 0; 
  49   3          }
  50   2        } 
  51   1      
  52   1        P4=(P4&0x80)|(P4&0x08)|0x75; // 扫描KEY4 - KEY6
  53   1        if(0x70 != (P4 & 0x70))
C51 COMPILER V9.00   KEY                                                                   03/13/2019 13:29:37 PAGE 2   

  54   1        {
  55   2          switch((P4 & 0x70))
  56   2          {
  57   3          case 0x60:
  58   3            return 4;
  59   3          case 0x50:
  60   3            return 5;
  61   3          case 0x30:
  62   3            return 6;     
  63   3          default:
  64   3            return 0; 
  65   3          }
  66   2        }    
  67   1      
  68   1        P4=(P4&0x80)|(P4&0x08)|0x73; // 扫描KEY7- KEY9
  69   1        if(0x70 != (P4 & 0x70))
  70   1        {
  71   2          switch((P4 & 0x70))
  72   2          {
  73   3          case 0x60:
  74   3            return 7;
  75   3          case 0x50:
  76   3            return 8;
  77   3          case 0x30:
  78   3            return 9;      
  79   3          default:
  80   3            return 0; 
  81   3          }
  82   2        }  
  83   1        return 0;
  84   1      }


MODULE INFORMATION:   STATIC OVERLAYABLE
   CODE SIZE        =    231    ----
   CONSTANT SIZE    =   ----    ----
   XDATA SIZE       =   ----    ----
   PDATA SIZE       =   ----    ----
   DATA SIZE        =   ----       4
   IDATA SIZE       =   ----    ----
   BIT SIZE         =   ----    ----
END OF MODULE INFORMATION.


C51 COMPILATION COMPLETE.  0 WARNING(S),  0 ERROR(S)
