C51 COMPILER V9.00   LCD                                                                   03/14/2019 20:37:56 PAGE 1   


C51 COMPILER V9.00, COMPILATION OF MODULE LCD
OBJECT MODULE PLACED IN lcd.OBJ
COMPILER INVOKED BY: C:\Keil\C51\BIN\C51.EXE lcd.c BROWSE INCDIR(..\Project_1) DEBUG OBJECTEXTEND

line level    source

   1          #include <c8051f020.h>
   2          //#include <stdio.h>
   3          #include <math.h>
   4          //#include <DataType.h>
   5          #include "lcd.h"
   6          //#include "hanzi.h"
   7                                                                     
   8          /******************************
   9          128*64LCDфа
  10          ©М*╦ъ=64*128╦ЖоЯкь╣Ц
  11          
  12          ********************************/
  13          
  14          sbit  SCK=  P3^4;
  15          sbit  SDA=  P3^5;
  16          
  17          const unsigned char code Fix[32]={
  18                          0x80,0x40,0x20,0x10,0x08,0x04,0x02,0x01,0x00,0x00,0x00,0x00,0x00,0x00,0x00,0x00,
  19                          0x00,0x00,0x00,0x00,0x00,0x00,0x00,0x00,0x80,0x40,0x20,0x10,0x08,0x04,0x02,0x01,
  20                  };
  21          
  22          const unsigned char code DzkCode[7][32]={
  23                  /* 0xCAAF [й╞]   [0]*/
  24                          0xC0,0x40,0x60,0x50,0x4B,0x4D,0x73,0x41,0x41,0x41,0x41,0x41,0x41,0x40,0x40,0x00,
  25                          0x10,0x20,0x40,0x80,0xFF,0x02,0x02,0x02,0x82,0x42,0x22,0x12,0xFF,0x04,0x02,0x01,
  26                  /* 0xF6CE [Жн]   [1]*/
  27                          0x90,0x50,0x31,0x35,0x3F,0x55,0x57,0x9F,0x55,0x55,0x37,0x25,0x11,0x10,0x10,0x00,
  28                          0x11,0x2B,0x69,0xBF,0x69,0x2B,0x11,0x00,0x91,0x6B,0x69,0xBF,0x69,0x2F,0x13,0x01,
  29                  /* 0xB1F3 [╠С]   [2]*/
  30                          0x88,0x49,0x68,0x38,0x0F,0x0C,0x06,0x25,0x25,0x24,0x04,0xFF,0x04,0x44,0x34,0x00,
  31                          0x02,0x04,0x98,0x60,0x9C,0x02,0x7F,0x02,0xFC,0x44,0x24,0xF0,0x0C,0x06,0x0F,0x01,
  32                  /* 0xD5C5 [уе]   [3]*/
  33                          0xC0,0x47,0x64,0x54,0x7C,0x05,0x03,0xFF,0x01,0x05,0x09,0x11,0x61,0x01,0x01,0x00,
  34                          0x00,0xC2,0x41,0x42,0x7C,0x00,0x00,0xFF,0x82,0xC4,0x60,0x10,0x08,0x04,0x02,0x01,
  35                  /* 0xD0C0 [пю]   [4]*/
  36                          0x80,0x40,0x3F,0x32,0x2A,0x47,0xC2,0x43,0x04,0x18,0xF0,0x13,0x10,0x14,0x18,0x00,
  37                          0x01,0x06,0xF8,0x00,0x00,0xFE,0x00,0x01,0x82,0x4C,0x30,0xD0,0x38,0x06,0x03,0x01,
  38                  /* 0xC2B3 [бЁ]   [5]*/
  39                          0x88,0x50,0x3F,0x55,0xDD,0x55,0x57,0x5F,0x55,0x55,0x75,0x15,0x1F,0x00,0x00,0x00,
  40                          0x40,0x40,0x40,0x5F,0x55,0x55,0x55,0x55,0xD5,0x55,0x75,0x5F,0x48,0x44,0x42,0x01,
  41                  /* 0xBAE3 [╨Ц]   [6]*/
  42                          0x80,0x47,0x20,0xFF,0x08,0x04,0x42,0x4F,0x49,0x49,0x49,0x49,0x49,0x4F,0x40,0x00,
  43                          0x80,0x00,0x00,0xFF,0x00,0x00,0x02,0xF2,0xA2,0x62,0x22,0x32,0x2A,0xF6,0x02,0x01,
  44                  };
  45          //extern const unsigned char code AsciiFontData[95][16];
  46          const unsigned char code AsciiFontData[95][16]  =
  47          {
  48          /*--  ндвж:     --*/
  49          /*--  кнлЕ9;  ╢квжлЕоб╤тс╕╣д╣ЦуСн╙ё╨©Мx╦ъ=8x15   --*/
  50          /*--  ╦ъ╤х╡╩йг8╣д╠╤йЩё╛ож╣ВуШн╙ё╨©М╤хx╦ъ╤х=8x16  --*/
  51          0x00,0x00,0x00,0x00,0x00,0x00,0x00,0x00,0x00,0x00,0x00,0x00,0x00,0x00,0x00,0x00,
  52          
  53          /*--  ндвж:  !  --*/
  54          /*--  кнлЕ9;  ╢квжлЕоб╤тс╕╣д╣ЦуСн╙ё╨©Мx╦ъ=8x15   --*/
  55          /*--  ╦ъ╤х╡╩йг8╣д╠╤йЩё╛ож╣ВуШн╙ё╨©М╤хx╦ъ╤х=8x16  --*/
C51 COMPILER V9.00   LCD                                                                   03/14/2019 20:37:56 PAGE 2   

  56          0x00,0x00,0x00,0x3F,0x00,0x00,0x00,0x00,0x00,0x00,0x00,0x98,0x18,0x00,0x00,0x00,
  57          
  58          /*--  ндвж:  "  --*/
  59          /*--  кнлЕ9;  ╢квжлЕоб╤тс╕╣д╣ЦуСн╙ё╨©Мx╦ъ=8x15   --*/
  60          /*--  ╦ъ╤х╡╩йг8╣д╠╤йЩё╛ож╣ВуШн╙ё╨©М╤хx╦ъ╤х=8x16  --*/
  61          0x00,0x08,0x30,0x48,0x30,0x40,0x00,0x00,0x00,0x00,0x00,0x00,0x00,0x00,0x00,0x00,
  62          
  63          /*--  ндвж:  #  --*/
  64          /*--  кнлЕ9;  ╢квжлЕоб╤тс╕╣д╣ЦуСн╙ё╨©Мx╦ъ=8x15   --*/
  65          /*--  ╦ъ╤х╡╩йг8╣д╠╤йЩё╛ож╣ВуШн╙ё╨©М╤хx╦ъ╤х=8x16  --*/
  66          0x00,0x04,0x04,0x1F,0x04,0x1F,0x04,0x00,0x00,0x40,0xF8,0x40,0xF8,0x40,0x40,0x00,
  67          
  68          /*--  ндвж:  $  --*/
  69          /*--  кнлЕ9;  ╢квжлЕоб╤тс╕╣д╣ЦуСн╙ё╨©Мx╦ъ=8x15   --*/
  70          /*--  ╦ъ╤х╡╩йг8╣д╠╤йЩё╛ож╣ВуШн╙ё╨©М╤хx╦ъ╤х=8x16  --*/
  71          0x00,0x0E,0x11,0x3F,0x10,0x0C,0x00,0x00,0x00,0x30,0x08,0xFE,0x88,0x70,0x00,0x00,
  72          
  73          /*--  ндвж:  %  --*/
  74          /*--  кнлЕ9;  ╢квжлЕоб╤тс╕╣д╣ЦуСн╙ё╨©Мx╦ъ=8x15   --*/
  75          /*--  ╦ъ╤х╡╩йг8╣д╠╤йЩё╛ож╣ВуШн╙ё╨©М╤хx╦ъ╤х=8x16  --*/
  76          0x0E,0x11,0x0E,0x01,0x06,0x18,0x00,0x00,0x00,0x18,0x60,0x80,0x70,0x88,0x70,0x00,
  77          
  78          /*--  ндвж:  &  --*/
  79          /*--  кнлЕ9;  ╢квжлЕоб╤тс╕╣д╣ЦуСн╙ё╨©Мx╦ъ=8x15   --*/
  80          /*--  ╦ъ╤х╡╩йг8╣д╠╤йЩё╛ож╣ВуШн╙ё╨©М╤хx╦ъ╤х=8x16  --*/
  81          0x00,0x0F,0x11,0x0F,0x01,0x01,0x00,0x00,0xF0,0x08,0xC8,0x28,0xF0,0x08,0x08,0x00,
  82          
  83          /*--  ндвж:  '  --*/
  84          /*--  кнлЕ9;  ╢квжлЕоб╤тс╕╣д╣ЦуСн╙ё╨©Мx╦ъ=8x15   --*/
  85          /*--  ╦ъ╤х╡╩йг8╣д╠╤йЩё╛ож╣ВуШн╙ё╨©М╤хx╦ъ╤х=8x16  --*/
  86          0x08,0x68,0x70,0x00,0x00,0x00,0x00,0x00,0x00,0x00,0x00,0x00,0x00,0x00,0x00,0x00,
  87          
  88          /*--  ндвж:  (  --*/
  89          /*--  кнлЕ9;  ╢квжлЕоб╤тс╕╣д╣ЦуСн╙ё╨©Мx╦ъ=8x15   --*/
  90          /*--  ╦ъ╤х╡╩йг8╣д╠╤йЩё╛ож╣ВуШн╙ё╨©М╤хx╦ъ╤х=8x16  --*/
  91          0x00,0x00,0x00,0x07,0x18,0x20,0x40,0x00,0x00,0x00,0x00,0xC0,0x30,0x08,0x04,0x00,
  92          
  93          /*--  ндвж:  )  --*/
  94          /*--  кнлЕ9;  ╢квжлЕоб╤тс╕╣д╣ЦуСн╙ё╨©Мx╦ъ=8x15   --*/
  95          /*--  ╦ъ╤х╡╩йг8╣д╠╤йЩё╛ож╣ВуШн╙ё╨©М╤хx╦ъ╤х=8x16  --*/
  96          0x00,0x40,0x20,0x18,0x07,0x00,0x00,0x00,0x00,0x04,0x08,0x30,0xC0,0x00,0x00,0x00,
  97          
  98          /*--  ндвж:  *  --*/
  99          /*--  кнлЕ9;  ╢квжлЕоб╤тс╕╣д╣ЦуСн╙ё╨©Мx╦ъ=8x15   --*/
 100          /*--  ╦ъ╤х╡╩йг8╣д╠╤йЩё╛ож╣ВуШн╙ё╨©М╤хx╦ъ╤х=8x16  --*/
 101          0x02,0x02,0x01,0x0F,0x01,0x02,0x02,0x00,0x40,0x40,0x80,0xF0,0x80,0x40,0x40,0x00,
 102          
 103          /*--  ндвж:  +  --*/
 104          /*--  кнлЕ9;  ╢квжлЕоб╤тс╕╣д╣ЦуСн╙ё╨©Мx╦ъ=8x15   --*/
 105          /*--  ╦ъ╤х╡╩йг8╣д╠╤йЩё╛ож╣ВуШн╙ё╨©М╤хx╦ъ╤х=8x16  --*/
 106          0x01,0x01,0x01,0x0F,0x01,0x01,0x01,0x00,0x00,0x00,0x00,0xE0,0x00,0x00,0x00,0x00,
 107          
 108          /*--  ндвж:  ,  --*/
 109          /*--  кнлЕ9;  ╢квжлЕоб╤тс╕╣д╣ЦуСн╙ё╨©Мx╦ъ=8x15   --*/
 110          /*--  ╦ъ╤х╡╩йг8╣д╠╤йЩё╛ож╣ВуШн╙ё╨©М╤хx╦ъ╤х=8x16  --*/
 111          0x00,0x00,0x00,0x00,0x00,0x00,0x00,0x00,0x02,0x1A,0x1C,0x00,0x00,0x00,0x00,0x00,
 112          
 113          /*--  ндвж:  -  --*/
 114          /*--  кнлЕ9;  ╢квжлЕоб╤тс╕╣д╣ЦуСн╙ё╨©Мx╦ъ=8x15   --*/
 115          /*--  ╦ъ╤х╡╩йг8╣д╠╤йЩё╛ож╣ВуШн╙ё╨©М╤хx╦ъ╤х=8x16  --*/
 116          0x01,0x01,0x01,0x01,0x01,0x01,0x01,0x00,0x00,0x00,0x00,0x00,0x00,0x00,0x00,0x00,
 117          
C51 COMPILER V9.00   LCD                                                                   03/14/2019 20:37:56 PAGE 3   

 118          /*--  ндвж:  .  --*/
 119          /*--  кнлЕ9;  ╢квжлЕоб╤тс╕╣д╣ЦуСн╙ё╨©Мx╦ъ=8x15   --*/
 120          /*--  ╦ъ╤х╡╩йг8╣д╠╤йЩё╛ож╣ВуШн╙ё╨©М╤хx╦ъ╤х=8x16  --*/
 121          0x00,0x00,0x00,0x00,0x00,0x00,0x00,0x00,0x00,0x18,0x18,0x00,0x00,0x00,0x00,0x00,
 122          
 123          /*--  ндвж:  /  --*/
 124          /*--  кнлЕ9;  ╢квжлЕоб╤тс╕╣д╣ЦуСн╙ё╨©Мx╦ъ=8x15   --*/
 125          /*--  ╦ъ╤х╡╩йг8╣д╠╤йЩё╛ож╣ВуШн╙ё╨©М╤хx╦ъ╤х=8x16  --*/
 126          0x00,0x00,0x00,0x01,0x06,0x38,0x40,0x00,0x00,0x0C,0x30,0xC0,0x00,0x00,0x00,0x00,
 127          
 128          /*--  ндвж:  0  --*/
 129          /*--  кнлЕ9;  ╢квжлЕоб╤тс╕╣д╣ЦуСн╙ё╨©Мx╦ъ=8x15   --*/
 130          /*--  ╦ъ╤х╡╩йг8╣д╠╤йЩё╛ож╣ВуШн╙ё╨©М╤хx╦ъ╤х=8x16  --*/
 131          0x00,0x07,0x08,0x10,0x10,0x08,0x07,0x00,0x00,0xE0,0x10,0x08,0x08,0x10,0xE0,0x00,
 132          
 133          /*--  ндвж:  1  --*/
 134          /*--  кнлЕ9;  ╢квжлЕоб╤тс╕╣д╣ЦуСн╙ё╨©Мx╦ъ=8x15   --*/
 135          /*--  ╦ъ╤х╡╩йг8╣д╠╤йЩё╛ож╣ВуШн╙ё╨©М╤хx╦ъ╤х=8x16  --*/
 136          0x00,0x08,0x08,0x1F,0x00,0x00,0x00,0x00,0x00,0x08,0x08,0xF8,0x08,0x08,0x00,0x00,
 137          
 138          /*--  ндвж:  2  --*/
 139          /*--  кнлЕ9;  ╢квжлЕоб╤тс╕╣д╣ЦуСн╙ё╨©Мx╦ъ=8x15   --*/
 140          /*--  ╦ъ╤х╡╩йг8╣д╠╤йЩё╛ож╣ВуШн╙ё╨©М╤хx╦ъ╤х=8x16  --*/
 141          0x00,0x0C,0x10,0x10,0x10,0x11,0x0E,0x00,0x00,0x18,0x28,0x48,0x88,0x08,0x18,0x00,
 142          
 143          /*--  ндвж:  3  --*/
 144          /*--  кнлЕ9;  ╢квжлЕоб╤тс╕╣д╣ЦуСн╙ё╨©Мx╦ъ=8x15   --*/
 145          /*--  ╦ъ╤х╡╩йг8╣д╠╤йЩё╛ож╣ВуШн╙ё╨©М╤хx╦ъ╤х=8x16  --*/
 146          0x00,0x0C,0x10,0x11,0x11,0x12,0x0C,0x00,0x00,0x30,0x08,0x08,0x08,0x88,0x70,0x00,
 147          
 148          /*--  ндвж:  4  --*/
 149          /*--  кнлЕ9;  ╢квжлЕоб╤тс╕╣д╣ЦуСн╙ё╨©Мx╦ъ=8x15   --*/
 150          /*--  ╦ъ╤х╡╩йг8╣д╠╤йЩё╛ож╣ВуШн╙ё╨©М╤хx╦ъ╤х=8x16  --*/
 151          0x00,0x01,0x02,0x04,0x1F,0x00,0x00,0x00,0x00,0xC0,0x40,0x48,0xF8,0x48,0x48,0x00,
 152          
 153          /*--  ндвж:  5  --*/
 154          /*--  кнлЕ9;  ╢квжлЕоб╤тс╕╣д╣ЦуСн╙ё╨©Мx╦ъ=8x15   --*/
 155          /*--  ╦ъ╤х╡╩йг8╣д╠╤йЩё╛ож╣ВуШн╙ё╨©М╤хx╦ъ╤х=8x16  --*/
 156          0x00,0x1F,0x11,0x12,0x12,0x12,0x11,0x00,0x00,0x30,0x08,0x08,0x08,0x08,0xF0,0x00,
 157          
 158          /*--  ндвж:  6  --*/
 159          /*--  кнлЕ9;  ╢квжлЕоб╤тс╕╣д╣ЦуСн╙ё╨©Мx╦ъ=8x15   --*/
 160          /*--  ╦ъ╤х╡╩йг8╣д╠╤йЩё╛ож╣ВуШн╙ё╨©М╤хx╦ъ╤х=8x16  --*/
 161          0x00,0x07,0x08,0x11,0x11,0x19,0x00,0x00,0x00,0xF0,0x88,0x08,0x08,0x08,0xF0,0x00,
 162          
 163          /*--  ндвж:  7  --*/
 164          /*--  кнлЕ9;  ╢квжлЕоб╤тс╕╣д╣ЦуСн╙ё╨©Мx╦ъ=8x15   --*/
 165          /*--  ╦ъ╤х╡╩йг8╣д╠╤йЩё╛ож╣ВуШн╙ё╨©М╤хx╦ъ╤х=8x16  --*/
 166          0x00,0x1C,0x10,0x10,0x13,0x1C,0x10,0x00,0x00,0x00,0x00,0xF8,0x00,0x00,0x00,0x00,
 167          
 168          /*--  ндвж:  8  --*/
 169          /*--  кнлЕ9;  ╢квжлЕоб╤тс╕╣д╣ЦуСн╙ё╨©Мx╦ъ=8x15   --*/
 170          /*--  ╦ъ╤х╡╩йг8╣д╠╤йЩё╛ож╣ВуШн╙ё╨©М╤хx╦ъ╤х=8x16  --*/
 171          0x00,0x0E,0x11,0x11,0x11,0x11,0x0E,0x00,0x00,0x70,0x88,0x08,0x08,0x88,0x70,0x00,
 172          
 173          /*--  ндвж:  9  --*/
 174          /*--  кнлЕ9;  ╢квжлЕоб╤тс╕╣д╣ЦуСн╙ё╨©Мx╦ъ=8x15   --*/
 175          /*--  ╦ъ╤х╡╩йг8╣д╠╤йЩё╛ож╣ВуШн╙ё╨©М╤хx╦ъ╤х=8x16  --*/
 176          0x00,0x0F,0x10,0x10,0x10,0x09,0x07,0x00,0x00,0x00,0x98,0x88,0x88,0x10,0xE0,0x00,
 177          
 178          /*--  ндвж:  :  --*/
 179          /*--  кнлЕ9;  ╢квжлЕоб╤тс╕╣д╣ЦуСн╙ё╨©Мx╦ъ=8x15   --*/
C51 COMPILER V9.00   LCD                                                                   03/14/2019 20:37:56 PAGE 4   

 180          /*--  ╦ъ╤х╡╩йг8╣д╠╤йЩё╛ож╣ВуШн╙ё╨©М╤хx╦ъ╤х=8x16  --*/
 181          0x00,0x00,0x00,0x03,0x03,0x00,0x00,0x00,0x00,0x00,0x00,0x18,0x18,0x00,0x00,0x00,
 182          
 183          /*--  ндвж:  ;  --*/
 184          /*--  кнлЕ9;  ╢квжлЕоб╤тс╕╣д╣ЦуСн╙ё╨©Мx╦ъ=8x15   --*/
 185          /*--  ╦ъ╤х╡╩йг8╣д╠╤йЩё╛ож╣ВуШн╙ё╨©М╤хx╦ъ╤х=8x16  --*/
 186          0x00,0x00,0x00,0x02,0x00,0x00,0x00,0x00,0x00,0x00,0x02,0x0C,0x00,0x00,0x00,0x00,
 187          
 188          /*--  ндвж:  <  --*/
 189          /*--  кнлЕ9;  ╢квжлЕоб╤тс╕╣д╣ЦуСн╙ё╨©Мx╦ъ=8x15   --*/
 190          /*--  ╦ъ╤х╡╩йг8╣д╠╤йЩё╛ож╣ВуШн╙ё╨©М╤хx╦ъ╤х=8x16  --*/
 191          0x00,0x01,0x02,0x04,0x08,0x10,0x20,0x00,0x00,0x00,0x80,0x40,0x20,0x10,0x08,0x00,
 192          
 193          /*--  ндвж:  =  --*/
 194          /*--  кнлЕ9;  ╢квжлЕоб╤тс╕╣д╣ЦуСн╙ё╨©Мx╦ъ=8x15   --*/
 195          /*--  ╦ъ╤х╡╩йг8╣д╠╤йЩё╛ож╣ВуШн╙ё╨©М╤хx╦ъ╤х=8x16  --*/
 196          0x02,0x02,0x02,0x02,0x02,0x02,0x02,0x00,0x40,0x40,0x40,0x40,0x40,0x40,0x40,0x00,
 197          
 198          /*--  ндвж:  >  --*/
 199          /*--  кнлЕ9;  ╢квжлЕоб╤тс╕╣д╣ЦуСн╙ё╨©Мx╦ъ=8x15   --*/
 200          /*--  ╦ъ╤х╡╩йг8╣д╠╤йЩё╛ож╣ВуШн╙ё╨©М╤хx╦ъ╤х=8x16  --*/
 201          0x00,0x20,0x10,0x08,0x04,0x02,0x01,0x00,0x00,0x08,0x10,0x20,0x40,0x80,0x00,0x00,
 202          
 203          /*--  ндвж:  ?  --*/
 204          /*--  кнлЕ9;  ╢квжлЕоб╤тс╕╣д╣ЦуСн╙ё╨©Мx╦ъ=8x15   --*/
 205          /*--  ╦ъ╤х╡╩йг8╣д╠╤йЩё╛ож╣ВуШн╙ё╨©М╤хx╦ъ╤х=8x16  --*/
 206          0x00,0x1C,0x20,0x20,0x20,0x21,0x1E,0x00,0x00,0x00,0x00,0x18,0xD8,0x00,0x00,0x00,
 207          
 208          /*--  ндвж:  @  --*/
 209          /*--  кнлЕ9;  ╢квжлЕоб╤тс╕╣д╣ЦуСн╙ё╨©Мx╦ъ=8x15   --*/
 210          /*--  ╦ъ╤х╡╩йг8╣д╠╤йЩё╛ож╣ВуШн╙ё╨©М╤хx╦ъ╤х=8x16  --*/
 211          0x07,0x08,0x13,0x14,0x17,0x08,0x07,0x00,0xE0,0x10,0xE8,0x28,0xC8,0x28,0xD0,0x00,
 212          
 213          /*--  ндвж:  A  --*/
 214          /*--  кнлЕ9;  ╢квжлЕоб╤тс╕╣д╣ЦуСн╙ё╨©Мx╦ъ=8x15   --*/
 215          /*--  ╦ъ╤х╡╩йг8╣д╠╤йЩё╛ож╣ВуШн╙ё╨©М╤хx╦ъ╤х=8x16  --*/
 216          0x00,0x00,0x07,0x18,0x07,0x00,0x00,0x00,0x08,0x78,0xC8,0x40,0xC8,0x78,0x08,0x00,
 217          
 218          /*--  ндвж:  B  --*/
 219          /*--  кнлЕ9;  ╢квжлЕоб╤тс╕╣д╣ЦуСн╙ё╨©Мx╦ъ=8x15   --*/
 220          /*--  ╦ъ╤х╡╩йг8╣д╠╤йЩё╛ож╣ВуШн╙ё╨©М╤хx╦ъ╤х=8x16  --*/
 221          0x10,0x1F,0x11,0x11,0x11,0x12,0x0C,0x00,0x08,0xF8,0x08,0x08,0x08,0x88,0x70,0x00,
 222          
 223          /*--  ндвж:  C  --*/
 224          /*--  кнлЕ9;  ╢квжлЕоб╤тс╕╣д╣ЦуСн╙ё╨©Мx╦ъ=8x15   --*/
 225          /*--  ╦ъ╤х╡╩йг8╣д╠╤йЩё╛ож╣ВуШн╙ё╨©М╤хx╦ъ╤х=8x16  --*/
 226          0x07,0x08,0x10,0x10,0x10,0x10,0x1C,0x00,0xE0,0x10,0x08,0x08,0x08,0x10,0x20,0x00,
 227          
 228          /*--  ндвж:  D  --*/
 229          /*--  кнлЕ9;  ╢квжлЕоб╤тс╕╣д╣ЦуСн╙ё╨©Мx╦ъ=8x15   --*/
 230          /*--  ╦ъ╤х╡╩йг8╣д╠╤йЩё╛ож╣ВуШн╙ё╨©М╤хx╦ъ╤х=8x16  --*/
 231          0x10,0x1F,0x10,0x10,0x10,0x08,0x07,0x00,0x08,0xF8,0x08,0x08,0x08,0x10,0xE0,0x00,
 232          
 233          /*--  ндвж:  E  --*/
 234          /*--  кнлЕ9;  ╢квжлЕоб╤тс╕╣д╣ЦуСн╙ё╨©Мx╦ъ=8x15   --*/
 235          /*--  ╦ъ╤х╡╩йг8╣д╠╤йЩё╛ож╣ВуШн╙ё╨©М╤хx╦ъ╤х=8x16  --*/
 236          0x10,0x1F,0x11,0x11,0x17,0x10,0x08,0x00,0x08,0xF8,0x08,0x08,0xC8,0x08,0x10,0x00,
 237          
 238          /*--  ндвж:  F  --*/
 239          /*--  кнлЕ9;  ╢квжлЕоб╤тс╕╣д╣ЦуСн╙ё╨©Мx╦ъ=8x15   --*/
 240          /*--  ╦ъ╤х╡╩йг8╣д╠╤йЩё╛ож╣ВуШн╙ё╨©М╤хx╦ъ╤х=8x16  --*/
 241          0x10,0x1F,0x11,0x11,0x17,0x10,0x08,0x00,0x08,0xF8,0x08,0x00,0xC0,0x00,0x00,0x00,
C51 COMPILER V9.00   LCD                                                                   03/14/2019 20:37:56 PAGE 5   

 242          
 243          /*--  ндвж:  G  --*/
 244          /*--  кнлЕ9;  ╢квжлЕоб╤тс╕╣д╣ЦуСн╙ё╨©Мx╦ъ=8x15   --*/
 245          /*--  ╦ъ╤х╡╩йг8╣д╠╤йЩё╛ож╣ВуШн╙ё╨©М╤хx╦ъ╤х=8x16  --*/
 246          0x07,0x08,0x10,0x10,0x10,0x1C,0x00,0x00,0xE0,0x10,0x08,0x08,0x48,0x70,0x40,0x00,
 247          
 248          /*--  ндвж:  H  --*/
 249          /*--  кнлЕ9;  ╢квжлЕоб╤тс╕╣д╣ЦуСн╙ё╨©Мx╦ъ=8x15   --*/
 250          /*--  ╦ъ╤х╡╩йг8╣д╠╤йЩё╛ож╣ВуШн╙ё╨©М╤хx╦ъ╤х=8x16  --*/
 251          0x10,0x1F,0x11,0x01,0x11,0x1F,0x10,0x00,0x08,0xF8,0x08,0x00,0x08,0xF8,0x08,0x00,
 252          
 253          /*--  ндвж:  I  --*/
 254          /*--  кнлЕ9;  ╢квжлЕоб╤тс╕╣д╣ЦуСн╙ё╨©Мx╦ъ=8x15   --*/
 255          /*--  ╦ъ╤х╡╩йг8╣д╠╤йЩё╛ож╣ВуШн╙ё╨©М╤хx╦ъ╤х=8x16  --*/
 256          0x00,0x10,0x10,0x1F,0x10,0x10,0x00,0x00,0x00,0x08,0x08,0xF8,0x08,0x08,0x00,0x00,
 257          
 258          /*--  ндвж:  J  --*/
 259          /*--  кнлЕ9;  ╢квжлЕоб╤тс╕╣д╣ЦуСн╙ё╨©Мx╦ъ=8x15   --*/
 260          /*--  ╦ъ╤х╡╩йг8╣д╠╤йЩё╛ож╣ВуШн╙ё╨©М╤хx╦ъ╤х=8x16  --*/
 261          0x00,0x00,0x10,0x10,0x1F,0x10,0x10,0x00,0x06,0x02,0x02,0x02,0xFC,0x00,0x00,0x00,
 262          
 263          /*--  ндвж:  K  --*/
 264          /*--  кнлЕ9;  ╢квжлЕоб╤тс╕╣д╣ЦуСн╙ё╨©Мx╦ъ=8x15   --*/
 265          /*--  ╦ъ╤х╡╩йг8╣д╠╤йЩё╛ож╣ВуШн╙ё╨©М╤хx╦ъ╤х=8x16  --*/
 266          0x10,0x1F,0x11,0x03,0x14,0x18,0x10,0x00,0x08,0xF8,0x08,0x80,0x68,0x18,0x08,0x00,
 267          
 268          /*--  ндвж:  L  --*/
 269          /*--  кнлЕ9;  ╢квжлЕоб╤тс╕╣д╣ЦуСн╙ё╨©Мx╦ъ=8x15   --*/
 270          /*--  ╦ъ╤х╡╩йг8╣д╠╤йЩё╛ож╣ВуШн╙ё╨©М╤хx╦ъ╤х=8x16  --*/
 271          0x10,0x1F,0x10,0x00,0x00,0x00,0x00,0x00,0x08,0xF8,0x08,0x08,0x08,0x08,0x18,0x00,
 272          
 273          /*--  ндвж:  M  --*/
 274          /*--  кнлЕ9;  ╢квжлЕоб╤тс╕╣д╣ЦуСн╙ё╨©Мx╦ъ=8x15   --*/
 275          /*--  ╦ъ╤х╡╩йг8╣д╠╤йЩё╛ож╣ВуШн╙ё╨©М╤хx╦ъ╤х=8x16  --*/
 276          0x10,0x1F,0x1E,0x01,0x1E,0x1F,0x10,0x00,0x08,0xF8,0x00,0xF8,0x00,0xF8,0x08,0x00,
 277          
 278          /*--  ндвж:  N  --*/
 279          /*--  кнлЕ9;  ╢квжлЕоб╤тс╕╣д╣ЦуСн╙ё╨©Мx╦ъ=8x15   --*/
 280          /*--  ╦ъ╤х╡╩йг8╣д╠╤йЩё╛ож╣ВуШн╙ё╨©М╤хx╦ъ╤х=8x16  --*/
 281          0x10,0x1F,0x1C,0x03,0x10,0x1F,0x10,0x00,0x08,0xF8,0x08,0x80,0x70,0xF8,0x00,0x00,
 282          
 283          /*--  ндвж:  O  --*/
 284          /*--  кнлЕ9;  ╢квжлЕоб╤тс╕╣д╣ЦуСн╙ё╨©Мx╦ъ=8x15   --*/
 285          /*--  ╦ъ╤х╡╩йг8╣д╠╤йЩё╛ож╣ВуШн╙ё╨©М╤хx╦ъ╤х=8x16  --*/
 286          0x07,0x08,0x10,0x10,0x10,0x08,0x07,0x00,0xE0,0x10,0x08,0x08,0x08,0x10,0xE0,0x00,
 287          
 288          /*--  ндвж:  P  --*/
 289          /*--  кнлЕ9;  ╢квжлЕоб╤тс╕╣д╣ЦуСн╙ё╨©Мx╦ъ=8x15   --*/
 290          /*--  ╦ъ╤х╡╩йг8╣д╠╤йЩё╛ож╣ВуШн╙ё╨©М╤хx╦ъ╤х=8x16  --*/
 291          0x10,0x1F,0x11,0x11,0x11,0x11,0x0E,0x00,0x08,0xF8,0x08,0x00,0x00,0x00,0x00,0x00,
 292          
 293          /*--  ндвж:  Q  --*/
 294          /*--  кнлЕ9;  ╢квжлЕоб╤тс╕╣д╣ЦуСн╙ё╨©Мx╦ъ=8x15   --*/
 295          /*--  ╦ъ╤х╡╩йг8╣д╠╤йЩё╛ож╣ВуШн╙ё╨©М╤хx╦ъ╤х=8x16  --*/
 296          0x07,0x08,0x10,0x10,0x10,0x08,0x07,0x00,0xE0,0x10,0x28,0x28,0x18,0x14,0xE4,0x00,
 297          
 298          /*--  ндвж:  R  --*/
 299          /*--  кнлЕ9;  ╢квжлЕоб╤тс╕╣д╣ЦуСн╙ё╨©Мx╦ъ=8x15   --*/
 300          /*--  ╦ъ╤х╡╩йг8╣д╠╤йЩё╛ож╣ВуШн╙ё╨©М╤хx╦ъ╤х=8x16  --*/
 301          0x10,0x1F,0x11,0x11,0x11,0x0E,0x00,0x00,0x08,0xF8,0x08,0x80,0x60,0x18,0x08,0x00,
 302          
 303          /*--  ндвж:  S  --*/
C51 COMPILER V9.00   LCD                                                                   03/14/2019 20:37:56 PAGE 6   

 304          /*--  кнлЕ9;  ╢квжлЕоб╤тс╕╣д╣ЦуСн╙ё╨©Мx╦ъ=8x15   --*/
 305          /*--  ╦ъ╤х╡╩йг8╣д╠╤йЩё╛ож╣ВуШн╙ё╨©М╤хx╦ъ╤х=8x16  --*/
 306          0x00,0x0E,0x11,0x11,0x10,0x10,0x1C,0x00,0x00,0x38,0x08,0x08,0x88,0x88,0x70,0x00,
 307          
 308          /*--  ндвж:  T  --*/
 309          /*--  кнлЕ9;  ╢квжлЕоб╤тс╕╣д╣ЦуСн╙ё╨©Мx╦ъ=8x15   --*/
 310          /*--  ╦ъ╤х╡╩йг8╣д╠╤йЩё╛ож╣ВуШн╙ё╨©М╤хx╦ъ╤х=8x16  --*/
 311          0x18,0x10,0x10,0x1F,0x10,0x10,0x18,0x00,0x00,0x00,0x08,0xF8,0x08,0x00,0x00,0x00,
 312          
 313          /*--  ндвж:  U  --*/
 314          /*--  кнлЕ9;  ╢квжлЕоб╤тс╕╣д╣ЦуСн╙ё╨©Мx╦ъ=8x15   --*/
 315          /*--  ╦ъ╤х╡╩йг8╣д╠╤йЩё╛ож╣ВуШн╙ё╨©М╤хx╦ъ╤х=8x16  --*/
 316          0x10,0x1F,0x10,0x00,0x10,0x1F,0x10,0x00,0x00,0xF0,0x08,0x08,0x08,0xF0,0x00,0x00,
 317          
 318          /*--  ндвж:  V  --*/
 319          /*--  кнлЕ9;  ╢квжлЕоб╤тс╕╣д╣ЦуСн╙ё╨©Мx╦ъ=8x15   --*/
 320          /*--  ╦ъ╤х╡╩йг8╣д╠╤йЩё╛ож╣ВуШн╙ё╨©М╤хx╦ъ╤х=8x16  --*/
 321          0x10,0x1E,0x11,0x00,0x11,0x1E,0x10,0x00,0x00,0x00,0xE0,0x18,0xE0,0x00,0x00,0x00,
 322          
 323          /*--  ндвж:  W  --*/
 324          /*--  кнлЕ9;  ╢квжлЕоб╤тс╕╣д╣ЦуСн╙ё╨©Мx╦ъ=8x15   --*/
 325          /*--  ╦ъ╤х╡╩йг8╣д╠╤йЩё╛ож╣ВуШн╙ё╨©М╤хx╦ъ╤х=8x16  --*/
 326          0x10,0x1F,0x00,0x1F,0x00,0x1F,0x10,0x00,0x00,0x80,0xF8,0x00,0xF8,0x80,0x00,0x00,
 327          
 328          /*--  ндвж:  X  --*/
 329          /*--  кнлЕ9;  ╢квжлЕоб╤тс╕╣д╣ЦуСн╙ё╨©Мx╦ъ=8x15   --*/
 330          /*--  ╦ъ╤х╡╩йг8╣д╠╤йЩё╛ож╣ВуШн╙ё╨©М╤хx╦ъ╤х=8x16  --*/
 331          0x10,0x18,0x16,0x01,0x16,0x18,0x10,0x00,0x08,0x18,0x68,0x80,0x68,0x18,0x08,0x00,
 332          
 333          /*--  ндвж:  Y  --*/
 334          /*--  кнлЕ9;  ╢квжлЕоб╤тс╕╣д╣ЦуСн╙ё╨©Мx╦ъ=8x15   --*/
 335          /*--  ╦ъ╤х╡╩йг8╣д╠╤йЩё╛ож╣ВуШн╙ё╨©М╤хx╦ъ╤х=8x16  --*/
 336          0x10,0x1C,0x13,0x00,0x13,0x1C,0x10,0x00,0x00,0x00,0x08,0xF8,0x08,0x00,0x00,0x00,
 337          
 338          /*--  ндвж:  Z  --*/
 339          /*--  кнлЕ9;  ╢квжлЕоб╤тс╕╣д╣ЦуСн╙ё╨©Мx╦ъ=8x15   --*/
 340          /*--  ╦ъ╤х╡╩йг8╣д╠╤йЩё╛ож╣ВуШн╙ё╨©М╤хx╦ъ╤х=8x16  --*/
 341          0x00,0x08,0x10,0x10,0x13,0x1C,0x10,0x00,0x00,0x08,0x38,0xC8,0x08,0x08,0x18,0x00,
 342          
 343          /*--  ндвж:  [  --*/
 344          /*--  кнлЕ9;  ╢квжлЕоб╤тс╕╣д╣ЦуСн╙ё╨©Мx╦ъ=8x15   --*/
 345          /*--  ╦ъ╤х╡╩йг8╣д╠╤йЩё╛ож╣ВуШн╙ё╨©М╤хx╦ъ╤х=8x16  --*/
 346          0x00,0x00,0x00,0x7F,0x40,0x40,0x40,0x00,0x00,0x00,0x00,0xFC,0x04,0x04,0x04,0x00,
 347          
 348          /*--  ндвж:  \  --*/
 349          /*--  кнлЕ9;  ╢квжлЕоб╤тс╕╣д╣ЦуСн╙ё╨©Мx╦ъ=8x15   --*/
 350          /*--  ╦ъ╤х╡╩йг8╣д╠╤йЩё╛ож╣ВуШн╙ё╨©М╤хx╦ъ╤х=8x16  --*/
 351          0x00,0x30,0x0C,0x03,0x00,0x00,0x00,0x00,0x00,0x00,0x00,0x80,0x60,0x1C,0x02,0x00,
 352          
 353          /*--  ндвж:  ]  --*/
 354          /*--  кнлЕ9;  ╢квжлЕоб╤тс╕╣д╣ЦуСн╙ё╨©Мx╦ъ=8x15   --*/
 355          /*--  ╦ъ╤х╡╩йг8╣д╠╤йЩё╛ож╣ВуШн╙ё╨©М╤хx╦ъ╤х=8x16  --*/
 356          0x00,0x40,0x40,0x40,0x7F,0x00,0x00,0x00,0x00,0x04,0x04,0x04,0xFC,0x00,0x00,0x00,
 357          
 358          /*--  ндвж:  ^  --*/
 359          /*--  кнлЕ9;  ╢квжлЕоб╤тс╕╣д╣ЦуСн╙ё╨©Мx╦ъ=8x15   --*/
 360          /*--  ╦ъ╤х╡╩йг8╣д╠╤йЩё╛ож╣ВуШн╙ё╨©М╤хx╦ъ╤х=8x16  --*/
 361          0x00,0x00,0x20,0x40,0x40,0x20,0x00,0x00,0x00,0x00,0x00,0x00,0x00,0x00,0x00,0x00,
 362          
 363          /*--  ндвж:  _  --*/
 364          /*--  кнлЕ9;  ╢квжлЕоб╤тс╕╣д╣ЦуСн╙ё╨©Мx╦ъ=8x15   --*/
 365          /*--  ╦ъ╤х╡╩йг8╣д╠╤йЩё╛ож╣ВуШн╙ё╨©М╤хx╦ъ╤х=8x16  --*/
C51 COMPILER V9.00   LCD                                                                   03/14/2019 20:37:56 PAGE 7   

 366          0x00,0x00,0x00,0x00,0x00,0x00,0x00,0x00,0x02,0x02,0x02,0x02,0x02,0x02,0x02,0x00,
 367          
 368          /*--  ндвж:  `  --*/
 369          /*--  кнлЕ9;  ╢квжлЕоб╤тс╕╣д╣ЦуСн╙ё╨©Мx╦ъ=8x15   --*/
 370          /*--  ╦ъ╤х╡╩йг8╣д╠╤йЩё╛ож╣ВуШн╙ё╨©М╤хx╦ъ╤х=8x16  --*/
 371          0x00,0x40,0x40,0x20,0x00,0x00,0x00,0x00,0x00,0x00,0x00,0x00,0x00,0x00,0x00,0x00,
 372          
 373          /*--  ндвж:  a  --*/
 374          /*--  кнлЕ9;  ╢квжлЕоб╤тс╕╣д╣ЦуСн╙ё╨©Мx╦ъ=8x15   --*/
 375          /*--  ╦ъ╤х╡╩йг8╣д╠╤йЩё╛ож╣ВуШн╙ё╨©М╤хx╦ъ╤х=8x16  --*/
 376          0x00,0x01,0x02,0x02,0x02,0x01,0x00,0x00,0x00,0x30,0x48,0x88,0x88,0xF8,0x08,0x00,
 377          
 378          /*--  ндвж:  b  --*/
 379          /*--  кнлЕ9;  ╢квжлЕоб╤тс╕╣д╣ЦуСн╙ё╨©Мx╦ъ=8x15   --*/
 380          /*--  ╦ъ╤х╡╩йг8╣д╠╤йЩё╛ож╣ВуШн╙ё╨©М╤хx╦ъ╤х=8x16  --*/
 381          0x10,0x1F,0x01,0x02,0x02,0x02,0x01,0x00,0x00,0xF8,0x08,0x08,0x08,0x08,0xF0,0x00,
 382          
 383          /*--  ндвж:  c  --*/
 384          /*--  кнлЕ9;  ╢квжлЕоб╤тс╕╣д╣ЦуСн╙ё╨©Мx╦ъ=8x15   --*/
 385          /*--  ╦ъ╤х╡╩йг8╣д╠╤йЩё╛ож╣ВуШн╙ё╨©М╤хx╦ъ╤х=8x16  --*/
 386          0x00,0x00,0x01,0x02,0x02,0x02,0x01,0x00,0x00,0xE0,0x10,0x08,0x08,0x08,0x10,0x00,
 387          
 388          /*--  ндвж:  d  --*/
 389          /*--  кнлЕ9;  ╢квжлЕоб╤тс╕╣д╣ЦуСн╙ё╨©Мx╦ъ=8x15   --*/
 390          /*--  ╦ъ╤х╡╩йг8╣д╠╤йЩё╛ож╣ВуШн╙ё╨©М╤хx╦ъ╤х=8x16  --*/
 391          0x00,0x01,0x02,0x02,0x02,0x12,0x1F,0x00,0x00,0xF0,0x08,0x08,0x08,0x10,0xF8,0x08,
 392          
 393          /*--  ндвж:  e  --*/
 394          /*--  кнлЕ9;  ╢квжлЕоб╤тс╕╣д╣ЦуСн╙ё╨©Мx╦ъ=8x15   --*/
 395          /*--  ╦ъ╤х╡╩йг8╣д╠╤йЩё╛ож╣ВуШн╙ё╨©М╤хx╦ъ╤х=8x16  --*/
 396          0x00,0x01,0x02,0x02,0x02,0x02,0x01,0x00,0x00,0xF0,0x88,0x88,0x88,0x88,0x90,0x00,
 397          
 398          /*--  ндвж:  f  --*/
 399          /*--  кнлЕ9;  ╢квжлЕоб╤тс╕╣д╣ЦуСн╙ё╨©Мx╦ъ=8x15   --*/
 400          /*--  ╦ъ╤х╡╩йг8╣д╠╤йЩё╛ож╣ВуШн╙ё╨©М╤хx╦ъ╤х=8x16  --*/
 401          0x00,0x02,0x02,0x0F,0x12,0x12,0x18,0x00,0x00,0x08,0x08,0xF8,0x08,0x08,0x00,0x00,
 402          
 403          /*--  ндвж:  g  --*/
 404          /*--  кнлЕ9;  ╢квжлЕоб╤тс╕╣д╣ЦуСн╙ё╨©Мx╦ъ=8x15   --*/
 405          /*--  ╦ъ╤х╡╩йг8╣д╠╤йЩё╛ож╣ВуШн╙ё╨©М╤хx╦ъ╤х=8x16  --*/
 406          0x00,0x01,0x02,0x02,0x02,0x03,0x02,0x00,0x00,0xAC,0x52,0x52,0x52,0x92,0x0C,0x00,
 407          
 408          /*--  ндвж:  h  --*/
 409          /*--  кнлЕ9;  ╢квжлЕоб╤тс╕╣д╣ЦуСн╙ё╨©Мx╦ъ=8x15   --*/
 410          /*--  ╦ъ╤х╡╩йг8╣д╠╤йЩё╛ож╣ВуШн╙ё╨©М╤хx╦ъ╤х=8x16  --*/
 411          0x10,0x1F,0x01,0x02,0x02,0x02,0x01,0x00,0x08,0xF8,0x08,0x00,0x00,0x08,0xF8,0x08,
 412          
 413          /*--  ндвж:  i  --*/
 414          /*--  кнлЕ9;  ╢квжлЕоб╤тс╕╣д╣ЦуСн╙ё╨©Мx╦ъ=8x15   --*/
 415          /*--  ╦ъ╤х╡╩йг8╣д╠╤йЩё╛ож╣ВуШн╙ё╨©М╤хx╦ъ╤х=8x16  --*/
 416          0x00,0x02,0x1A,0x1B,0x00,0x00,0x00,0x00,0x00,0x08,0x08,0xF8,0x08,0x08,0x00,0x00,
 417          
 418          /*--  ндвж:  j  --*/
 419          /*--  кнлЕ9;  ╢квжлЕоб╤тс╕╣д╣ЦуСн╙ё╨©Мx╦ъ=8x15   --*/
 420          /*--  ╦ъ╤х╡╩йг8╣д╠╤йЩё╛ож╣ВуШн╙ё╨©М╤хx╦ъ╤х=8x16  --*/
 421          0x00,0x00,0x00,0x02,0x1A,0x1B,0x00,0x00,0x00,0x06,0x02,0x02,0x02,0xFC,0x00,0x00,
 422          
 423          /*--  ндвж:  k  --*/
 424          /*--  кнлЕ9;  ╢квжлЕоб╤тс╕╣д╣ЦуСн╙ё╨©Мx╦ъ=8x15   --*/
 425          /*--  ╦ъ╤х╡╩йг8╣д╠╤йЩё╛ож╣ВуШн╙ё╨©М╤хx╦ъ╤х=8x16  --*/
 426          0x10,0x1F,0x00,0x00,0x03,0x02,0x02,0x00,0x08,0xF8,0x48,0x80,0x68,0x18,0x08,0x00,
 427          
C51 COMPILER V9.00   LCD                                                                   03/14/2019 20:37:56 PAGE 8   

 428          /*--  ндвж:  l  --*/
 429          /*--  кнлЕ9;  ╢квжлЕоб╤тс╕╣д╣ЦуСн╙ё╨©Мx╦ъ=8x15   --*/
 430          /*--  ╦ъ╤х╡╩йг8╣д╠╤йЩё╛ож╣ВуШн╙ё╨©М╤хx╦ъ╤х=8x16  --*/
 431          0x00,0x10,0x10,0x1F,0x00,0x00,0x00,0x00,0x00,0x08,0x08,0xF8,0x08,0x08,0x00,0x00,
 432          
 433          /*--  ндвж:  m  --*/
 434          /*--  кнлЕ9;  ╢квжлЕоб╤тс╕╣д╣ЦуСн╙ё╨©Мx╦ъ=8x15   --*/
 435          /*--  ╦ъ╤х╡╩йг8╣д╠╤йЩё╛ож╣ВуШн╙ё╨©М╤хx╦ъ╤х=8x16  --*/
 436          0x02,0x03,0x02,0x03,0x02,0x01,0x00,0x00,0x08,0xF8,0x00,0xF8,0x00,0xF8,0x08,0x00,
 437          
 438          /*--  ндвж:  n  --*/
 439          /*--  кнлЕ9;  ╢квжлЕоб╤тс╕╣д╣ЦуСн╙ё╨©Мx╦ъ=8x15   --*/
 440          /*--  ╦ъ╤х╡╩йг8╣д╠╤йЩё╛ож╣ВуШн╙ё╨©М╤хx╦ъ╤х=8x16  --*/
 441          0x02,0x03,0x01,0x02,0x02,0x02,0x01,0x00,0x08,0xF8,0x08,0x00,0x00,0x08,0xF8,0x08,
 442          
 443          /*--  ндвж:  o  --*/
 444          /*--  кнлЕ9;  ╢квжлЕоб╤тс╕╣д╣ЦуСн╙ё╨©Мx╦ъ=8x15   --*/
 445          /*--  ╦ъ╤х╡╩йг8╣д╠╤йЩё╛ож╣ВуШн╙ё╨©М╤хx╦ъ╤х=8x16  --*/
 446          0x00,0x00,0x01,0x02,0x02,0x01,0x00,0x00,0x00,0xE0,0x10,0x08,0x08,0x10,0xE0,0x00,
 447          
 448          /*--  ндвж:  p  --*/
 449          /*--  кнлЕ9;  ╢квжлЕоб╤тс╕╣д╣ЦуСн╙ё╨©Мx╦ъ=8x15   --*/
 450          /*--  ╦ъ╤х╡╩йг8╣д╠╤йЩё╛ож╣ВуШн╙ё╨©М╤хx╦ъ╤х=8x16  --*/
 451          0x02,0x03,0x01,0x02,0x02,0x02,0x01,0x00,0x02,0xFE,0x0A,0x08,0x08,0x08,0xF0,0x00,
 452          
 453          /*--  ндвж:  q  --*/
 454          /*--  кнлЕ9;  ╢квжлЕоб╤тс╕╣д╣ЦуСн╙ё╨©Мx╦ъ=8x15   --*/
 455          /*--  ╦ъ╤х╡╩йг8╣д╠╤йЩё╛ож╣ВуШн╙ё╨©М╤хx╦ъ╤х=8x16  --*/
 456          0x00,0x01,0x02,0x02,0x02,0x02,0x03,0x00,0x00,0xF0,0x08,0x08,0x08,0x12,0xFE,0x02,
 457          
 458          /*--  ндвж:  r  --*/
 459          /*--  кнлЕ9;  ╢квжлЕоб╤тс╕╣д╣ЦуСн╙ё╨©Мx╦ъ=8x15   --*/
 460          /*--  ╦ъ╤х╡╩йг8╣д╠╤йЩё╛ож╣ВуШн╙ё╨©М╤хx╦ъ╤х=8x16  --*/
 461          0x02,0x02,0x03,0x01,0x02,0x02,0x03,0x00,0x08,0x08,0xF8,0x08,0x08,0x00,0x00,0x00,
 462          
 463          /*--  ндвж:  s  --*/
 464          /*--  кнлЕ9;  ╢квжлЕоб╤тс╕╣д╣ЦуСн╙ё╨©Мx╦ъ=8x15   --*/
 465          /*--  ╦ъ╤х╡╩йг8╣д╠╤йЩё╛ож╣ВуШн╙ё╨©М╤хx╦ъ╤х=8x16  --*/
 466          0x00,0x01,0x02,0x02,0x02,0x03,0x00,0x00,0x00,0x98,0x48,0x48,0x48,0x30,0x00,0x00,
 467          
 468          /*--  ндвж:  t  --*/
 469          /*--  кнлЕ9;  ╢квжлЕоб╤тс╕╣д╣ЦуСн╙ё╨©Мx╦ъ=8x15   --*/
 470          /*--  ╦ъ╤х╡╩йг8╣д╠╤йЩё╛ож╣ВуШн╙ё╨©М╤хx╦ъ╤х=8x16  --*/
 471          0x00,0x02,0x02,0x0F,0x02,0x02,0x00,0x00,0x00,0x00,0x00,0xF0,0x08,0x08,0x00,0x00,
 472          
 473          /*--  ндвж:  u  --*/
 474          /*--  кнлЕ9;  ╢квжлЕоб╤тс╕╣д╣ЦуСн╙ё╨©Мx╦ъ=8x15   --*/
 475          /*--  ╦ъ╤х╡╩йг8╣д╠╤йЩё╛ож╣ВуШн╙ё╨©М╤хx╦ъ╤х=8x16  --*/
 476          0x02,0x03,0x00,0x00,0x00,0x02,0x03,0x00,0x00,0xF0,0x08,0x08,0x08,0x10,0xF8,0x08,
 477          
 478          /*--  ндвж:  v  --*/
 479          /*--  кнлЕ9;  ╢квжлЕоб╤тс╕╣д╣ЦуСн╙ё╨©Мx╦ъ=8x15   --*/
 480          /*--  ╦ъ╤х╡╩йг8╣д╠╤йЩё╛ож╣ВуШн╙ё╨©М╤хx╦ъ╤х=8x16  --*/
 481          0x02,0x03,0x02,0x00,0x00,0x02,0x03,0x02,0x00,0x00,0xE0,0x18,0x20,0xC0,0x00,0x00,
 482          
 483          /*--  ндвж:  w  --*/
 484          /*--  кнлЕ9;  ╢квжлЕоб╤тс╕╣д╣ЦуСн╙ё╨©Мx╦ъ=8x15   --*/
 485          /*--  ╦ъ╤х╡╩йг8╣д╠╤йЩё╛ож╣ВуШн╙ё╨©М╤хx╦ъ╤х=8x16  --*/
 486          0x02,0x03,0x00,0x03,0x00,0x03,0x02,0x00,0x00,0xC0,0x38,0xC0,0x38,0xC0,0x00,0x00,
 487          
 488          /*--  ндвж:  x  --*/
 489          /*--  кнлЕ9;  ╢квжлЕоб╤тс╕╣д╣ЦуСн╙ё╨©Мx╦ъ=8x15   --*/
C51 COMPILER V9.00   LCD                                                                   03/14/2019 20:37:56 PAGE 9   

 490          /*--  ╦ъ╤х╡╩йг8╣д╠╤йЩё╛ож╣ВуШн╙ё╨©М╤хx╦ъ╤х=8x16  --*/
 491          0x00,0x02,0x03,0x00,0x02,0x03,0x02,0x00,0x00,0x08,0x18,0xE8,0xE0,0x18,0x08,0x00,
 492          
 493          /*--  ндвж:  y  --*/
 494          /*--  кнлЕ9;  ╢квжлЕоб╤тс╕╣д╣ЦуСн╙ё╨©Мx╦ъ=8x15   --*/
 495          /*--  ╦ъ╤х╡╩йг8╣д╠╤йЩё╛ож╣ВуШн╙ё╨©М╤хx╦ъ╤х=8x16  --*/
 496          0x02,0x03,0x02,0x00,0x00,0x02,0x03,0x02,0x02,0x02,0xE2,0x1C,0x30,0xC0,0x00,0x00,
 497          
 498          /*--  ндвж:  z  --*/
 499          /*--  кнлЕ9;  ╢квжлЕоб╤тс╕╣д╣ЦуСн╙ё╨©Мx╦ъ=8x15   --*/
 500          /*--  ╦ъ╤х╡╩йг8╣д╠╤йЩё╛ож╣ВуШн╙ё╨©М╤хx╦ъ╤х=8x16  --*/
 501          0x00,0x03,0x02,0x02,0x02,0x03,0x02,0x00,0x00,0x08,0x18,0x68,0x88,0x08,0x18,0x00,
 502          
 503          /*--  ндвж:  {  --*/
 504          /*--  кнлЕ9;  ╢квжлЕоб╤тс╕╣д╣ЦуСн╙ё╨©Мx╦ъ=8x15   --*/
 505          /*--  ╦ъ╤х╡╩йг8╣д╠╤йЩё╛ож╣ВуШн╙ё╨©М╤хx╦ъ╤х=8x16  --*/
 506          0x00,0x00,0x00,0x01,0x7E,0x40,0x00,0x00,0x00,0x00,0x00,0x00,0xFC,0x04,0x00,0x00,
 507          
 508          /*--  ндвж:  |  --*/
 509          /*--  кнлЕ9;  ╢квжлЕоб╤тс╕╣д╣ЦуСн╙ё╨©Мx╦ъ=8x15   --*/
 510          /*--  ╦ъ╤х╡╩йг8╣д╠╤йЩё╛ож╣ВуШн╙ё╨©М╤хx╦ъ╤х=8x16  --*/
 511          0x00,0x00,0x00,0xFF,0x00,0x00,0x00,0x00,0x00,0x00,0x00,0xFE,0x00,0x00,0x00,0x00,
 512          
 513          /*--  ндвж:  }  --*/
 514          /*--  кнлЕ9;  ╢квжлЕоб╤тс╕╣д╣ЦуСн╙ё╨©Мx╦ъ=8x15   --*/
 515          /*--  ╦ъ╤х╡╩йг8╣д╠╤йЩё╛ож╣ВуШн╙ё╨©М╤хx╦ъ╤х=8x16  --*/
 516          0x00,0x00,0x40,0x7E,0x01,0x00,0x00,0x00,0x00,0x00,0x04,0xFC,0x00,0x00,0x00,0x00,
 517          
 518          /*--  ндвж:  ~  --*/
 519          /*--  кнлЕ9;  ╢квжлЕоб╤тс╕╣д╣ЦуСн╙ё╨©Мx╦ъ=8x15   --*/
 520          /*--  ╦ъ╤х╡╩йг8╣д╠╤йЩё╛ож╣ВуШн╙ё╨©М╤хx╦ъ╤х=8x16  --*/
 521          0x00,0x60,0x80,0x80,0x40,0x20,0x20,0xC0,0x00,0x00,0x00,0x00,0x00,0x00,0x00,0x00,
 522          
 523          };
 524          
 525          
 526          void Delayms(unsigned int time)
 527          {
 528   1              int i;
 529   1              while(time--)
 530   1              for(i=0;i<=20;i++);
 531   1      }
 532          
 533          void WrateC(unsigned char com)                          //╥╒кмцЭаН      сиLCDWrite╣х╨╞йЩ╣Всц
 534          {                                               
 535   1        unsigned char data i,j,k;
 536   1                  ClrLCDRS;  
 537   1                      for(i=0;i<8;i++)
 538   1                  { 
 539   2                               j=com;                          
 540   2                               SDA=com&0x80; 
 541   2                               SCK=0;
 542   2                               for(k = 0;k < 3;k ++);//ясй╠
 543   2                       SCK=1; 
 544   2                               for(k = 0;k < 3;k ++);//ясй╠     
 545   2                               com=j<<1;
 546   2                      }
 547   1                      SetLCDRS;
 548   1      }
 549          
 550          void WrateD(unsigned char dat)                    //╥╒кмйЩ╬щ     сиLCDWrite╣х╨╞йЩ╣Всц
 551          
C51 COMPILER V9.00   LCD                                                                   03/14/2019 20:37:56 PAGE 10  

 552          {
 553   1          unsigned char data i,j,k;
 554   1                  SetLCDRS;  
 555   1                      for(i=0;i<8;i++)
 556   1                  { 
 557   2                               j=dat;
 558   2                               
 559   2                               SDA=dat&0x80;
 560   2                               SCK=0;
 561   2                               for(k = 0;k < 3;k ++);//ясй╠
 562   2                       SCK=1;   
 563   2                               for(k = 0;k < 3;k ++);//ясй╠   
 564   2                               dat=j<<1;
 565   2                      }
 566   1                      ClrLCDRS;
 567   1      }
 568          
 569          void LCDWrite(unsigned char type,unsigned char dat)             //      #define         W_CMD           1               #define         W_DAT           0               оРLCD╢╚кмпео
             -╒ цЭаН/йЩ╬щ        
 570          
 571          { 
 572   1      
 573   1              if(type)
 574   1              {
 575   2                      WrateC(dat);
 576   2              }
 577   1              else
 578   1              {
 579   2                      WrateD(dat);
 580   2              }
 581   1      }
 582          
 583          void newLCDInit()                                                 //LCDЁУй╪╩╞╨╞йЩ,рЩ╫е╡©╥щжцсзо╣мЁЁУй╪╩╞╡©╥щакё╛в╒рБ╢╝ппдёй╫обLCD╣дй╠жсйЩ╨мйЩ╬щоъ╤╪
             -р╙иХжцн╙Pдёй╫ё╗ё©ё╘
 584          {
 585   1      //      P3MDOUT |= BIT(4) + BIT(5); //P3.4 P3.5 LCD IO ©зиХжц
 586   1       //   P74OUT |= BIT0;             //P4.0-P4.4иХжцн╙мфмЛйДЁЖ
 587   1              SetLCDRST;
 588   1              Delayms(10);
 589   1              ClrLCDRST;
 590   1              Delayms(10);
 591   1              SetLCDRST;
 592   1              Delayms(10);
 593   1              LCDWrite(W_CMD,0xE2);   //хМ╪Ч╦╢н╩
 594   1              LCDWrite(W_CMD,0xA3);//Bais set         отй╬ф╚я╧
 595   1              LCDWrite(W_CMD,0xA0);//ADC seg╬╣оЯя║тЯ 0xa0уЩЁёё╛0xA1вСср╬╣оЯ
 596   1              LCDWrite(W_CMD,0xC0);//com output scan directionё╛com╬╣оЯя║тЯ 0xc0уЩЁёё╛0xC8иооб╬╣оЯ
 597   1              LCDWrite(W_CMD,0x26);
 598   1              Delayms(5);
 599   1      
 600   1              
 601   1      
 602   1              LCDWrite(W_CMD,0x2C);//дз╡©╣Гт╢╧эюМё╛
 603   1              Delayms(10);
 604   1              LCDWrite(W_CMD,0x2E);//хЩлУж╦аН╪Д╦Тй╠╪Д2ms
 605   1              Delayms(10);
 606   1              LCDWrite(W_CMD,0x2F);
 607   1              Delayms(10);
 608   1      
 609   1      //      LCDWrite(W_CMD,0x24);//╣Гя╧╣ВуШ╪д╢ФфВ╦ън╩ ╥╤н╖ё╨0x21-0x27 
 610   1              LCDWrite(W_CMD,0x81);//╣Гя╧дёй╫я║тЯ
 611   1              LCDWrite(W_CMD,0x20);//╣Гя╧╣ВуШ╪д╢ФфВ╣мн╩ ╥╤н╖ё╨0x00-0x3f
C51 COMPILER V9.00   LCD                                                                   03/14/2019 20:37:56 PAGE 11  

 612   1              Delayms(10);
 613   1              LCDWrite(W_CMD,0xF8);
 614   1              LCDWrite(W_CMD,0x01);
 615   1          Delayms(5);
 616   1              LCDWrite(W_CMD,0xAF);//отй╬©╙         
 617   1      //      LCDWrite(W_CMD,0x40);//╢сйвпп©╙й╪отй╬
 618   1      }
 619          //
 620          //---------------------------------------------
 621          //LCD_set_XY: иХжцLCDвЬ╠Й╨╞йЩ
 622          //йДхК╡нйЩё╨Xё╨0ё╜127  Yё╨0ё╜7
 623          //╠Юп╢хуфзё╨
 624          //---------------------------------------------
 625          void LCD_setXY(unsigned char X, unsigned char Y)           //иХжцLCDвЬ╠Й╨╞йЩXё╨0ё╜127  Yё╨0ё╜7 ,╣Всц╥╫й╫ё╨LCD_set
             -XY(0,0)   вСио╫гн╙т╜╣Цс╢ё║
 626          {
 627   1              unsigned char gao,di;
 628   1              WrateC(0xB0 | Y); //рЁ
 629   1              gao = X & 0xf0;
 630   1              gao = gao >> 4;
 631   1              di = X & 0x0f;
 632   1              WrateC(0x10 | gao);  //set Column address MSB
 633   1          WrateC(0x00 | di);  //set column address LSB
 634   1      
 635   1      }
 636          
 637          
 638          void LCD_draw_point(unsigned char x,unsigned char y)    // вСобн╙т╜╣Цё║ Xё╨0ё╜127  Yё╨0ё╜7 н╩жц╩╜╣Ц  р╩╢нр
             -╩ап╟к╦Ж╣Цс╢ё║ 
 639          {
 640   1              LCD_setXY(x,y);
 641   1              LCDWrite(W_DAT,0xff) ;
 642   1      }
 643          
 644          void Clear()                                                              //гЕфа
 645          {
 646   1         unsigned char page,j;
 647   1               for(page=0xB7;page>=0xB0;page--)  
 648   1          {  
 649   2              LCDWrite(W_CMD,page);
 650   2              LCDWrite(W_CMD,0x10);
 651   2              LCDWrite(W_CMD,0x00);  
 652   2           for(j=0;j<128;j++)  
 653   2              {  
 654   3               WrateD(0x00);  
 655   3              }  
 656   2          } 
 657   1      }
 658          
 659          /*
 660          void set_page_add(unsigned char page)             //╩╩рЁ
 661          {  
 662                  LCDWrite(W_CMD,0xB7-page);
 663          }
 664          
 665          void set_column_add(unsigned char column)
 666          {
 667                  unsigned char column_H,column_L;
 668                    column_H=(column>>4)|0x10;      //╣ВуШйЩ╬щ╦Яй╫
 669                    column_L=column&0x0f;           //╣ВуШйЩ╬щ╦Яй╫
 670                            LCDWrite(W_CMD,column_H);
 671                            LCDWrite(W_CMD,column_L);
C51 COMPILER V9.00   LCD                                                                   03/14/2019 20:37:56 PAGE 12  

 672          }
 673          
 674          void s_out_W(unsigned char j)
 675          {  
 676            unsigned char u,k;  
 677            for(u=0;u<8;u++)
 678                 { 
 679                  SDA=j&0x01;
 680                          SCK=0;
 681                          for(k = 0;k < 5;k ++);//ясй╠
 682                      SCK=1;        
 683                          for(k = 0;k < 5;k ++);//ясй╠
 684                  j>>=1;
 685                 }   
 686          }
 687          
 688          void w_dat_W(unsigned char dat)  
 689          {    
 690                  SetLCDRS;    
 691                  s_out_W(dat); 
 692          } 
 693          */
 694          
 695          void DrawPoint(unsigned char x,unsigned char y)         //а╛пЬ╡ывВм╛р╩отй╬вж╫зй╠,╠ёаТт╜й╪йЩ╬щё╛╩╜╣Цё║      LCDвСоб╫
             -гн╙вЬ╠Йт╜╣Ц x:0~127 y :0~63
 696          {
 697   1          unsigned char senddat,yy;
 698   1              static unsigned char DataOld=0,yOld=0,xOld=0;
 699   1              yy=(int)(y/8);
 700   1              if((yy==yOld)&&(x==xOld))
 701   1                 senddat = DataOld | (0x80>>(y%8));
 702   1              else
 703   1                 senddat = 0x80>>(y%8);
 704   1              LCD_setXY(x,abs(yy-7));
 705   1              LCDWrite(W_DAT,senddat);
 706   1              DataOld = senddat;
 707   1              yOld=yy;
 708   1              xOld=x;
 709   1      }
 710          
 711          
 712          /*********************************************************************
 713          *тзфад╩иоотй╬р╩╦Жвж╥Шё╗16*8╦Ж╣Цё╛╧╡16вж╫зё╘
 714          *╡нйЩё╨Cвж╥Ш    row пп:0~3  col ап:0~15
 715          *********************************************************************/
 716          void Drawchar(unsigned char C,unsigned char row,unsigned char col)                       
 717          {       
 718   1          unsigned char b,Row,Col;
 719   1          unsigned char k;
 720   1              k=C-0x20;
 721   1              Row=(63-(16*row));
 722   1              Col=8*col;
 723   1      
 724   1              for(b = 0;b<16;b++)
 725   1              {
 726   2                unsigned char F;
 727   2                F=2*b;
 728   2               if(b<8)
 729   2               {
 730   3                if((AsciiFontData[k][b]&0x80)!=0)
 731   3                DrawPoint(Col+b,Row);
 732   3                      
C51 COMPILER V9.00   LCD                                                                   03/14/2019 20:37:56 PAGE 13  

 733   3                
 734   3                if((AsciiFontData[k][b]&0x40)!=0)
 735   3                DrawPoint(Col+b,Row-1);
 736   3                      
 737   3                if((AsciiFontData[k][b]&0x20)!=0)
 738   3                DrawPoint(Col+b,Row-2);
 739   3                      
 740   3                if((AsciiFontData[k][b]&0x10)!=0)
 741   3                DrawPoint(Col+b,Row-3);
 742   3      
 743   3                if((AsciiFontData[k][b]&0x08)!=0)
 744   3                DrawPoint(Col+b,Row-4);
 745   3                      
 746   3                if((AsciiFontData[k][b]&0x04)!=0)
 747   3                DrawPoint(Col+b,Row-5);
 748   3                 
 749   3                if((AsciiFontData[k][b]&0x02)!=0)
 750   3            DrawPoint(Col+b,Row-6);
 751   3                      
 752   3                if((AsciiFontData[k][b]&0x01)!=0)
 753   3                DrawPoint(Col+b,Row-7);
 754   3                }
 755   2                else
 756   2                {
 757   3                 if((AsciiFontData[k][b]&0x80)!=0)
 758   3                DrawPoint(Col+b-8,Row-8);
 759   3                      
 760   3                
 761   3                if((AsciiFontData[k][b]&0x40)!=0)
 762   3                DrawPoint(Col+b-8,Row-9);
 763   3                      
 764   3                if((AsciiFontData[k][b]&0x20)!=0)
 765   3                DrawPoint(Col+b-8,Row-10);
 766   3                      
 767   3                if((AsciiFontData[k][b]&0x10)!=0)
 768   3                DrawPoint(Col+b-8,Row-11);
 769   3      
 770   3                if((AsciiFontData[k][b]&0x08)!=0)
 771   3                DrawPoint(Col+b-8,Row-12);
 772   3                      
 773   3                if((AsciiFontData[k][b]&0x04)!=0)
 774   3                DrawPoint(Col+b-8,Row-13);
 775   3                 
 776   3                if((AsciiFontData[k][b]&0x02)!=0)
 777   3            DrawPoint(Col+b-8,Row-14);
 778   3                      
 779   3                if((AsciiFontData[k][b]&0x01)!=0)
 780   3                DrawPoint(Col+b-8,Row-15);
 781   3                }       
 782   2              
 783   2              }
 784   1      
 785   1      }
 786          
 787          /*********************************************************************
 788          *тзфад╩иоотй╬р╩╢╝вж╥Ш
 789          *╡нйЩё╨C║╬║©вж╥Ш╢╝      row фПй╪пп:0~3  low фПй╪ап:0~15
 790          *********************************************************************/
 791          void DrawcharS(unsigned char *C,unsigned char row,unsigned char col)            //ц©ппвН╤Ю16╦Жвж╥Шё╛╤Юсз16╦Ж╩╩ппё║╧╡
             -4пп                вСио╫гт╜╣Ц
 792          {
 793   1        int flag=0,i=0;
C51 COMPILER V9.00   LCD                                                                   03/14/2019 20:37:56 PAGE 14  

 794   1        unsigned char R,L,TOTAL;
 795   1        TOTAL=(row*16)+col;
 796   1        if(TOTAL>63||row>3||col>15)
 797   1         {flag=1;}
 798   1      
 799   1        while(flag==0)
 800   1        {
 801   2         if(*C!='\0')
 802   2         {
 803   3           R= (TOTAL+i)/16 ;
 804   3               L=     (TOTAL+i)%16;
 805   3               Drawchar(*C,R,L);
 806   3               C++;
 807   3               i++;
 808   3               if((TOTAL+i)>63)
 809   3                {
 810   4                       flag=1;
 811   4                }
 812   3         }
 813   2         else
 814   2         {
 815   3           flag=1;
 816   3         }
 817   2       }
 818   1      
 819   1      }
 820          
 821          /***********************************************
 822          *╨╨вж╢Ьп╠оъ
 823          
 824          *тзфад╩иоотй╬р╩╦Ж╨╨вжё╗16*16╦Ж╣Цё╛╧╡32╦Жвж╫зё╘
 825          *╡нйЩё╨ Cн╙╨╨вжтзDzkCodeжп╣доб╠Йн╩жцё╛
 826                          row тзLCDфаиоотй╬╣дпп 0-3ё╩
 827                          col тзLCDфаиоотй╬╣дап 0-7ё╩
 828          *и╗цХ╥╫й╫ё╨вщоР--охвСср╨Сиооб
 829                             ╦ън╩тзг╟
 830          
 831          **********************************************/
 832          void Drawhanzi(unsigned char C,unsigned char row,unsigned char col)               //row пп:0~3  col ап:0~7   ц©╦Ж╨╨вж
             -у╪16*16╦Ж╣Ц         вСио╫гт╜╣Ц
 833          {       
 834   1          unsigned char b,Row,Col;
 835   1          unsigned char k;
 836   1              k=C;
 837   1              Row=(63-(16*row));
 838   1              Col=16*col;
 839   1      
 840   1                      for(b = 0;b<32;b++)
 841   1              {
 842   2               if(b<16)
 843   2               {
 844   3                if((DzkCode[k][b]&0x80)!=0)
 845   3                DrawPoint(Col+b,Row);
 846   3                      
 847   3                
 848   3                if((DzkCode[k][b]&0x40)!=0)
 849   3                DrawPoint(Col+b,Row-1);
 850   3                      
 851   3                if((DzkCode[k][b]&0x20)!=0)
 852   3                DrawPoint(Col+b,Row-2);
 853   3                      
 854   3                if((DzkCode[k][b]&0x10)!=0)
C51 COMPILER V9.00   LCD                                                                   03/14/2019 20:37:56 PAGE 15  

 855   3                DrawPoint(Col+b,Row-3);
 856   3      
 857   3                if((DzkCode[k][b]&0x08)!=0)
 858   3                DrawPoint(Col+b,Row-4);
 859   3                      
 860   3                if((DzkCode[k][b]&0x04)!=0)
 861   3                DrawPoint(Col+b,Row-5);
 862   3                 
 863   3                if((DzkCode[k][b]&0x02)!=0)
 864   3            DrawPoint(Col+b,Row-6);
 865   3                      
 866   3                if((DzkCode[k][b]&0x01)!=0)
 867   3                DrawPoint(Col+b,Row-7);
 868   3                }
 869   2                else
 870   2                {
 871   3                 if((DzkCode[k][b]&0x80)!=0)
 872   3                DrawPoint(Col+b-16,Row-8);
 873   3                      
 874   3                
 875   3                if((DzkCode[k][b]&0x40)!=0)
 876   3                DrawPoint(Col+b-16,Row-9);
 877   3                      
 878   3                if((DzkCode[k][b]&0x20)!=0)
 879   3                DrawPoint(Col+b-16,Row-10);
 880   3                      
 881   3                if((DzkCode[k][b]&0x10)!=0)
 882   3                DrawPoint(Col+b-16,Row-11);
 883   3      
 884   3                if((DzkCode[k][b]&0x08)!=0)
 885   3                DrawPoint(Col+b-16,Row-12);
 886   3                      
 887   3                if((DzkCode[k][b]&0x04)!=0)
 888   3                DrawPoint(Col+b-16,Row-13);
 889   3                 
 890   3                if((DzkCode[k][b]&0x02)!=0)
 891   3            DrawPoint(Col+b-16,Row-14);
 892   3                      
 893   3                if((DzkCode[k][b]&0x01)!=0)
 894   3                DrawPoint(Col+b-16,Row-15);
 895   3                }       
 896   2              
 897   2              }
 898   1      }
 899          
 900          /***********************************************
 901          *╨╨вжнчп╠оъ
 902          
 903          *тзфад╩иоотй╬р╩╦Ж╨╨вжё╗16*16╦Ж╣Цё╛╧╡32╦Жвж╫зё╘
 904          *╡нйЩё╨ Cн╙╨╨вжтзDzkCodeжп╣доб╠Йн╩жцё╛
 905                          row тзLCDфаиоотй╬╣дпп 0-3ё╩
 906                          col тзLCDфаиоотй╬╣дап 0-7ё╩
 907          *и╗цХ╥╫й╫ё╨вщоР--охвСср╨Сиооб
 908                             ╦ън╩тзг╟
 909          
 910          **********************************************/
 911          void Drawhanzifix(unsigned char C,unsigned char row,unsigned char col)            //row пп:0~3  col ап:0~7   ц©╦Ж╨
             -╨вжу╪16*16╦Ж╣Ц         вСио╫гт╜╣Ц
 912          {       
 913   1          unsigned char b,Row,Col;
 914   1          unsigned char k;
 915   1              k=C;
C51 COMPILER V9.00   LCD                                                                   03/14/2019 20:37:56 PAGE 16  

 916   1              Row=(63-(16*row));
 917   1              Col=16*col;
 918   1      
 919   1                      for(b = 0;b<32;b++)
 920   1              {
 921   2               if(b<16)
 922   2               {
 923   3                if(((DzkCode[k][b]-Fix[b])&0x80)!=0)
 924   3                DrawPoint(Col+b,Row);
 925   3                      
 926   3                
 927   3                if(((DzkCode[k][b]-Fix[b])&0x40)!=0)
 928   3                DrawPoint(Col+b,Row-1);
 929   3                      
 930   3                if(((DzkCode[k][b]-Fix[b])&0x20)!=0)
 931   3                DrawPoint(Col+b,Row-2);
 932   3                      
 933   3                if(((DzkCode[k][b]-Fix[b])&0x10)!=0)
 934   3                DrawPoint(Col+b,Row-3);
 935   3      
 936   3                if(((DzkCode[k][b]-Fix[b])&0x08)!=0)
 937   3                DrawPoint(Col+b,Row-4);
 938   3                      
 939   3                if(((DzkCode[k][b]-Fix[b])&0x04)!=0)
 940   3                DrawPoint(Col+b,Row-5);
 941   3                 
 942   3                if(((DzkCode[k][b]-Fix[b])&0x02)!=0)
 943   3            DrawPoint(Col+b,Row-6);
 944   3                      
 945   3                if(((DzkCode[k][b]-Fix[b])&0x01)!=0)
 946   3                DrawPoint(Col+b,Row-7);
 947   3                }
 948   2                else
 949   2                {
 950   3                 if(((DzkCode[k][b]-Fix[b])&0x80)!=0)
 951   3                DrawPoint(Col+b-16,Row-8);
 952   3                      
 953   3                
 954   3                if(((DzkCode[k][b]-Fix[b])&0x40)!=0)
 955   3                DrawPoint(Col+b-16,Row-9);
 956   3                      
 957   3                if(((DzkCode[k][b]-Fix[b])&0x20)!=0)
 958   3                DrawPoint(Col+b-16,Row-10);
 959   3                      
 960   3                if(((DzkCode[k][b]-Fix[b])&0x10)!=0)
 961   3                DrawPoint(Col+b-16,Row-11);
 962   3      
 963   3                if(((DzkCode[k][b]-Fix[b])&0x08)!=0)
 964   3                DrawPoint(Col+b-16,Row-12);
 965   3                      
 966   3                if(((DzkCode[k][b]-Fix[b])&0x04)!=0)
 967   3                DrawPoint(Col+b-16,Row-13);
 968   3                 
 969   3                if(((DzkCode[k][b]-Fix[b])&0x02)!=0)
 970   3            DrawPoint(Col+b-16,Row-14);
 971   3                      
 972   3                if(((DzkCode[k][b]-Fix[b])&0x01)!=0)
 973   3                DrawPoint(Col+b-16,Row-15);
 974   3                }       
 975   2              
 976   2              }
 977   1      }
C51 COMPILER V9.00   LCD                                                                   03/14/2019 20:37:56 PAGE 17  

 978          
 979          /***********************************************
 980          *отй╬р╩пп╨╨вж
 981          
 982          *╡нйЩё╨ Cн╙р╩╢╝об╠Йн╩жцё╛
 983                          row тзLCDфаиоотй╬╣дпп 0-3ё╩
 984                          col тзLCDфаиоотй╬╣дап 0-7ё╩
 985          
 986          *ц©ппвН╤Юотй╬8╦Ж╨╨вжё╛вт╤╞╩╩пп
 987          
 988          **********************************************/
 989          void DrawhanziS(unsigned char *C,unsigned char row,unsigned char col)   
 990          {
 991   1        int flag=0,i=0;
 992   1        unsigned char R,L,TOTAL;
 993   1        TOTAL=(row*8)+col;
 994   1        if(TOTAL>63||row>3||col>15)
 995   1         {flag=1;}
 996   1      
 997   1        while(flag==0)
 998   1        {
 999   2         if(*C!='\0')
1000   2         {
1001   3           R= (TOTAL+i)/8 ;
1002   3               L=     (TOTAL+i)%8;
1003   3               Drawhanzifix(*C,R,L);
1004   3               C++;
1005   3               i++;
1006   3               if((TOTAL+i)>63)
1007   3                {
1008   4                       flag=1;
1009   4                }
1010   3         }
1011   2         else
1012   2         {
1013   3           flag=1;
1014   3         }
1015   2       }
1016   1      
1017   1      }
1018          
1019          


MODULE INFORMATION:   STATIC OVERLAYABLE
   CODE SIZE        =   3228    ----
   CONSTANT SIZE    =   1776    ----
   XDATA SIZE       =   ----    ----
   PDATA SIZE       =   ----    ----
   DATA SIZE        =      3      40
   IDATA SIZE       =   ----    ----
   BIT SIZE         =   ----    ----
END OF MODULE INFORMATION.


C51 COMPILATION COMPLETE.  0 WARNING(S),  0 ERROR(S)
