C51 COMPILER V9.00   MAIN                                                                  03/14/2019 20:37:56 PAGE 1   


C51 COMPILER V9.00, COMPILATION OF MODULE MAIN
OBJECT MODULE PLACED IN main.OBJ
COMPILER INVOKED BY: C:\Keil\C51\BIN\C51.EXE main.c BROWSE INCDIR(..\Project_1) DEBUG OBJECTEXTEND

line level    source

   1          /////////////////////////////////////
   2          //  Generated Initialization File  //
   3          /////////////////////////////////////
   4          
   5          #include "C8051F020.h"
   6          #include "lcd.h"
   7          #include "key.h"
   8          #include "adc.h"
   9          #include "math.h"
  10          
  11          // Peripheral specific initialization functions,
  12          // Called from the Init_Device() function
  13          // 看门狗和复位初始化
  14          void Reset_Sources_Init()
  15          {
  16   1          WDTCN     = 0xDE;
  17   1          WDTCN     = 0xAD;
  18   1          RSTSRC    = 0x04;
  19   1      }
  20          
  21          //
  22          void Timer_Init()
  23          {
  24   1          CKCON     = 0x20;
  25   1          TMR3CN    = 0x06;
  26   1          TMR3RLL   = 0xA0;
  27   1          TMR3RLH   = 0xFF;
  28   1      }
  29          
  30          void ADC_Init()
  31          {
  32   1          ADC0CN    = 0x84;
  33   1      }
  34          
  35          void DAC_Init()
  36          {
  37   1          DAC0CN    = 0x88;
  38   1          DAC1CN    = 0x80;
  39   1      }
  40          
  41          void Voltage_Reference_Init()
  42          {
  43   1          REF0CN    = 0x03;
  44   1      }
  45          
  46          void Port_IO_Init()
  47          {
  48   1          // P0.0  -  Unassigned,  Open-Drain, Digital
  49   1          // P0.1  -  Unassigned,  Open-Drain, Digital
  50   1          // P0.2  -  Unassigned,  Open-Drain, Digital
  51   1          // P0.3  -  Unassigned,  Open-Drain, Digital
  52   1          // P0.4  -  Unassigned,  Open-Drain, Digital
  53   1          // P0.5  -  Unassigned,  Open-Drain, Digital
  54   1          // P0.6  -  Unassigned,  Open-Drain, Digital
  55   1          // P0.7  -  Unassigned,  Open-Drain, Digital
C51 COMPILER V9.00   MAIN                                                                  03/14/2019 20:37:56 PAGE 2   

  56   1      
  57   1          // P1.0  -  Unassigned,  Open-Drain, Digital
  58   1          // P1.1  -  Unassigned,  Open-Drain, Digital
  59   1          // P1.2  -  Unassigned,  Open-Drain, Digital
  60   1          // P1.3  -  Unassigned,  Open-Drain, Digital
  61   1          // P1.4  -  Unassigned,  Open-Drain, Digital
  62   1          // P1.5  -  Unassigned,  Open-Drain, Digital
  63   1          // P1.6  -  Unassigned,  Open-Drain, Digital
  64   1          // P1.7  -  Unassigned,  Open-Drain, Digital
  65   1      
  66   1          // P2.0  -  Unassigned,  Open-Drain, Digital
  67   1          // P2.1  -  Unassigned,  Open-Drain, Digital
  68   1          // P2.2  -  Unassigned,  Open-Drain, Digital
  69   1          // P2.3  -  Unassigned,  Open-Drain, Digital
  70   1          // P2.4  -  Unassigned,  Open-Drain, Digital
  71   1          // P2.5  -  Unassigned,  Open-Drain, Digital
  72   1          // P2.6  -  Unassigned,  Open-Drain, Digital
  73   1          // P2.7  -  Unassigned,  Open-Drain, Digital
  74   1      
  75   1          // P3.0  -  Unassigned,  Open-Drain, Digital
  76   1          // P3.1  -  Unassigned,  Open-Drain, Digital
  77   1          // P3.2  -  Unassigned,  Open-Drain, Digital
  78   1          // P3.3  -  Unassigned,  Open-Drain, Digital
  79   1          // P3.4  -  Unassigned,  Push-Pull,  Digital
  80   1          // P3.5  -  Unassigned,  Push-Pull,  Digital
  81   1          // P3.6  -  Unassigned,  Open-Drain, Digital
  82   1          // P3.7  -  Unassigned,  Open-Drain, Digital
  83   1      
  84   1          P3MDOUT   = 0x30;
  85   1          XBR2      = 0x40;
  86   1      }
  87          
  88          void Oscillator_Init()
  89          {
  90   1          int i = 0;
  91   1          OSCXCN    = 0x67;
  92   1          for (i = 0; i < 3000; i++);  // Wait 1ms for initialization
  93   1          while ((OSCXCN & 0x80) == 0);
  94   1          OSCICN    = 0x08;
  95   1      }
  96          
  97          void Interrupts_Init()
  98          {
  99   1          IE        = 0x80;
 100   1          EIE2      = 0x03;
 101   1      }
 102          
 103          // Initialization function for device,
 104          // Call Init_Device() from your main program
 105          void Init_Device(void)
 106          {
 107   1          Reset_Sources_Init();
 108   1          Timer_Init();
 109   1          ADC_Init();
 110   1          DAC_Init();
 111   1          Voltage_Reference_Init();
 112   1          Port_IO_Init();
 113   1          Oscillator_Init();
 114   1          Interrupts_Init();
 115   1      }
 116          
 117          
C51 COMPILER V9.00   MAIN                                                                  03/14/2019 20:37:56 PAGE 3   

 118          main()
 119          {
 120   1      
 121   1               unsigned char key=0,flag=0;
 122   1               unsigned int i=0;
 123   1      
 124   1               int  set_time[3] = {0,0,0}     ;   // 存放时分秒数据的数组 
 125   1               int  run_time[3] = {0,0,0}     ;
 126   1               int *Gettime;      
 127   1      
 128   1      
 129   1               Init_Device();
 130   1           for(i=0;i<1000;i++)
 131   1               adcmem[i]=0;
 132   1               newLCDInit();
 133   1               Clear();
 134   1               LCDWrite(W_CMD,0xA7);    //反显命令  
 135   1           DrawcharS("Project-2",1,4);
 136   1           DrawcharS("3.14--3.21",2,4);        
 137   1               for(i=0;i<255;i++)
 138   1                      {
 139   2                              Delayms(100);
 140   2                      }
 141   1               LCDWrite(W_CMD,0xA6);    //正常显命令           
 142   1               Clear();                                 //清屏
 143   1      
 144   1      
 145   1      
 146   1              
 147   1      }
*** WARNING C280 IN LINE 126 OF MAIN.C: 'Gettime': unreferenced local variable
*** WARNING C290 IN LINE 147 OF MAIN.C: missing return value


MODULE INFORMATION:   STATIC OVERLAYABLE
   CODE SIZE        =    274    ----
   CONSTANT SIZE    =     33    ----
   XDATA SIZE       =   ----    ----
   PDATA SIZE       =   ----    ----
   DATA SIZE        =   ----      19
   IDATA SIZE       =   ----    ----
   BIT SIZE         =   ----    ----
END OF MODULE INFORMATION.


C51 COMPILATION COMPLETE.  2 WARNING(S),  0 ERROR(S)
