C51 COMPILER V9.00   RUN                                                                   03/14/2019 20:37:56 PAGE 1   


C51 COMPILER V9.00, COMPILATION OF MODULE RUN
OBJECT MODULE PLACED IN run.OBJ
COMPILER INVOKED BY: C:\Keil\C51\BIN\C51.EXE run.c BROWSE INCDIR(..\Project_1) DEBUG OBJECTEXTEND

line level    source

   1          
   2          
   3          //定时器初始化
   4          void  Time_Init(){
   5   1      
   6   1      
   7   1      }
   8          
   9          //进入中断函数，每隔一秒调用一次
  10          void Enter_IQR(int run_time[]){
  11   1                      
  12   1      }
*** WARNING C280 IN LINE 10 OF RUN.C: 'run_time': unreferenced local variable
  13          
  14          //启动定时器
  15          void run(int set_time[],int run_time[]){
  16   1              Time_Init();
  17   1              while(1){
  18   2                 show_time(run_time[0],run_time[1],run_time[2]);
*** WARNING C206 IN LINE 18 OF RUN.C: 'show_time': missing function-prototype
*** ERROR C267 IN LINE 18 OF RUN.C: 'show_time': requires ANSI-style prototype
  19   2              }
  20   1      
  21   1      }

C51 COMPILATION COMPLETE.  2 WARNING(S),  1 ERROR(S)
