C51 COMPILER V9.00   SHOW                                                                  03/14/2019 20:57:08 PAGE 1   


C51 COMPILER V9.00, COMPILATION OF MODULE SHOW
OBJECT MODULE PLACED IN show.OBJ
COMPILER INVOKED BY: C:\Keil\C51\BIN\C51.EXE show.c BROWSE INCDIR(..\Project_1) DEBUG OBJECTEXTEND

line level    source

   1          
   2          #include "show.h"
   3          #include "key.h"
   4          #include "lcd.h"
   5          
   6          
   7          
   8          //  显示 a:b:c
   9          //      
  10          void show_time(int a,int b,int c){
  11   1      
  12   1              
  13   1      }
*** WARNING C280 IN LINE 10 OF SHOW.C: 'a': unreferenced local variable
*** WARNING C280 IN LINE 10 OF SHOW.C: 'b': unreferenced local variable
*** WARNING C280 IN LINE 10 OF SHOW.C: 'c': unreferenced local variable
  14          
  15          
  16          // 初始化显示 00:00:00
  17          void Init_time(){
  18   1              show_time(0,0,0);
  19   1      }
  20          
  21          
  22          
  23          // 设定时间     
  24          // 实现: 按键A 递增；按键B 选取 时？分？秒？  
  25          int* set_time(int arr[]){
  26   1         int a,b,c ;
  27   1         int flag=1;
  28   1      
  29   1         
  30   1         
  31   1         unsigned char key;
  32   1      
  33   1         a=b=c=0;
  34   1         Clear();
  35   1         show_time(0,0,0);
  36   1         while(1){
  37   2               key = KeyScan();
  38   2               if(key!=0){
  39   3                      switch(key){
  40   4                              case 'A':
  41   4                                         clear();
*** WARNING C206 IN LINE 41 OF SHOW.C: 'clear': missing function-prototype
  42   4                                         if(flag == 1)     {a = Press_A(a);}
  43   4                                         else if(flag == 2){b = Press_A(b);}
  44   4                                         else              {c = Press_A(c);}
  45   4                                         show_time(a,b,c);
  46   4                                         break;
  47   4      
  48   4                              case 'B':
  49   4                                         flag = Press_B(flag);
  50   4                                         break;
  51   4      
C51 COMPILER V9.00   SHOW                                                                  03/14/2019 20:57:08 PAGE 2   

  52   4                              default: break;         
  53   4                      }        
  54   3               }else{break;}    // 按0时，退出while 循环，即结束时间设定               
  55   2         }
  56   1         arr[0] = a; arr[1] = b; arr[2] = c;           //将 a，b，c的值传入数组中；
  57   1        return arr;
  58   1      }
  59          
  60          
  61          // 按键B 
  62          //      显示：“设定：时/分/秒”
  63          int Press_B(int flag){
  64   1              if(flag<3)
  65   1                      {flag++;  }
  66   1              else
  67   1                      {flag = 1;}
  68   1              return flag;
  69   1      }
  70          
  71          // 按键A ：超过60判断 
  72          int Press_A(int a){
  73   1              if(a<60)
  74   1              {a++;}
  75   1              else
  76   1              {a = 0;}
  77   1              return a;
  78   1      }
  79          
  80          // 在固定区域打印提示语句；例如：”请设定：时“
  81          void print(unsigned char *C) {
  82   1      
  83   1      }
*** WARNING C280 IN LINE 81 OF SHOW.C: 'C': unreferenced local variable


MODULE INFORMATION:   STATIC OVERLAYABLE
   CODE SIZE        =    254    ----
   CONSTANT SIZE    =   ----    ----
   XDATA SIZE       =   ----    ----
   PDATA SIZE       =   ----    ----
   DATA SIZE        =   ----      20
   IDATA SIZE       =   ----    ----
   BIT SIZE         =   ----    ----
END OF MODULE INFORMATION.


C51 COMPILATION COMPLETE.  5 WARNING(S),  0 ERROR(S)
